<?xml version="1.0" encoding="UTF-8"?>
<!-- Generated by org.testng.reporters.JUnitReportReporter -->
<testsuite hostname="DESKTOP-8ETPM1B" failures="0" tests="1" name="com.wrapper.TicketBook" time="126.116" errors="0" timestamp="2022-05-27T15:54:32 IST" skipped="0">
  <testcase classname="com.wrapper.TicketBook" name="test" time="126.116"/>
  <system-out/>
</testsuite> <!-- com.wrapper.TicketBook -->
